=== Cleaning judgment footers (APPLYING CHANGES) ===

Cleaning judgments.full_text...
  Processed 5000 judgments...
  Processed 10000 judgments...
  Processed 15000 judgments...
  Processed 20000 judgments...
  Processed 25000 judgments...
  Processed 27534 judgments...
Cleaning judgment_chunks.chunk_text...
  Processed 5000 chunks...
  Processed 10000 chunks...
  Processed 15000 chunks...
  Processed 20000 chunks...
  Processed 25000 chunks...
  Processed 30000 chunks...
  Processed 35000 chunks...
  Processed 40000 chunks...
  Processed 45000 chunks...
  Processed 50000 chunks...
  Processed 55000 chunks...
  Processed 60000 chunks...
  Processed 65000 chunks...
  Processed 70000 chunks...
  Processed 75000 chunks...
  Processed 80000 chunks...
  Processed 85000 chunks...
  Processed 90000 chunks...
  Processed 95000 chunks...
  Processed 100000 chunks...
  Processed 105000 chunks...
  Processed 110000 chunks...
  Processed 115000 chunks...
  Processed 120000 chunks...
  Processed 125000 chunks...
  Processed 130000 chunks...
  Processed 135000 chunks...
  Processed 140000 chunks...
  Processed 145000 chunks...
  Processed 150000 chunks...
  Processed 155000 chunks...
  Processed 160000 chunks...
  Processed 165000 chunks...
  Processed 170000 chunks...
  Processed 175000 chunks...
  Processed 180000 chunks...
  Processed 185000 chunks...
  Processed 190000 chunks...
  Processed 195000 chunks...
  Processed 200000 chunks...
  Processed 205000 chunks...
  Processed 210000 chunks...
  Processed 215000 chunks...
  Processed 220000 chunks...
  Processed 225000 chunks...
  Processed 230000 chunks...
  Processed 235000 chunks...
  Processed 240000 chunks...
  Processed 245000 chunks...
  Processed 250000 chunks...
  Processed 255000 chunks...
  Processed 260000 chunks...
  Processed 265000 chunks...
  Processed 270000 chunks...
  Processed 275000 chunks...
  Processed 280000 chunks...
  Processed 285000 chunks...
  Processed 290000 chunks...
  Processed 295000 chunks...
  Processed 300000 chunks...
  Processed 305000 chunks...
  Processed 310000 chunks...
  Processed 315000 chunks...
  Processed 320000 chunks...
  Processed 325000 chunks...
  Processed 330000 chunks...
  Processed 335000 chunks...
  Processed 340000 chunks...
  Processed 345000 chunks...
  Processed 350000 chunks...
  Processed 355000 chunks...
  Processed 360000 chunks...
  Processed 365000 chunks...
  Processed 370000 chunks...
  Processed 375000 chunks...
  Processed 380000 chunks...
  Processed 385000 chunks...
  Processed 390000 chunks...
  Processed 395000 chunks...
  Processed 400000 chunks...
  Processed 405000 chunks...
  Processed 410000 chunks...
  Processed 415000 chunks...
  Processed 420000 chunks...
  Processed 425000 chunks...
  Processed 430000 chunks...
  Processed 435000 chunks...
  Processed 440000 chunks...
  Processed 445000 chunks...
  Processed 450000 chunks...
  Processed 455000 chunks...
  Processed 460000 chunks...
  Processed 465000 chunks...
  Processed 469097 chunks...

Judgments with footer removed: 2
Chunks with footer removed: 72330
Elapsed: 683.8s

=== Sample cleanups ===

Judgment 30358:
  Before: ...حكم الوارد بمنطوقها وبه تقضي. نص الحكم: بإلزام (....) رقم الهوية (...) صاحب مؤسسة (....) رقم الهوية (...) بأن يدفع (....) رقم الهوية (...) مبلغاً قدره 5,000 خمسة آلاف ريالاً. ورفض ما عدا ذلك من طلبات.
  After:  ...لدفع وهنا التناقض الثالث فلماذا لم يقدم المدعي بسحب المعدات من الموقع في حال التأخر بالدفع؟). تم التواصل مع المدعو / (....) وسؤاله عن أسباب الإيقاف وأفاد بان الإيقاف مؤقت وسيتم استئناف الاعمال قريبا و

Judgment 35885:
  Before: ...دائرة إلى الحكم بموجب ذلك، برفض دعوى المدعي، وذلك وفق منطوقها أدناه. نص الحكم: حكمت الدائرة: برفض هذه الدعوى؛ لما هو موضح بالأسباب, وبالله التوفيق. وصلى الله وسلم على نبينا محمد وعلى آله وصحبه أجمعين.
  After:  ...ني (You Tube متزامنا مع تاريخ عرضه على القناة بتواريخ مثبته وتسبق نشر المدعى عليها للبرنامج المعندي (السوق) (مرفق 3: ويوضح بهذا المرفق فيديوهات نشر برنامج موكلتي موضحًا به تتر يوضح ملكية موكلتي له وأن
DONE
EXIT:0
